Using pre-set license
Built from '2020.2/china_unity/release' branch; Version is '2020.2.0f1c1 (f2fe8b73675a) revision 15924875'; Using compiler version '192528614'; Build Type 'Release'
OS: 'Windows 10  (10.0.0) 64bit' Language: 'zh' Physical Memory: 16176 MB
BatchMode: 1, IsHumanControllingUs: 0, StartBugReporterOnCrash: 0, Is64bit: 1, IsPro: 0

 COMMAND LINE ARGUMENTS:
E:\Unity\Editor\Unity.exe
-adb2
-batchMode
-noUpm
-name
AssetImportWorker0
-projectPath
C:/Users/Administrator/Documents/GitHub/example/Demo
-logFile
Logs/AssetImportWorker0.log
-srvPort
61575
Successfully changed project path to: C:/Users/Administrator/Documents/GitHub/example/Demo
C:/Users/Administrator/Documents/GitHub/example/Demo
Using Asset Import Pipeline V2.
Refreshing native plugins compatible for Editor in 35.21 ms, found 0 plugins.
Preloading 0 native plugins for Editor in 0.00 ms.
Initialize engine version: 2020.2.0f1c1 (f2fe8b73675a)
[Subsystems] Discovering subsystems at path E:/Unity/Editor/Data/Resources/UnitySubsystems
[Subsystems] Discovering subsystems at path C:/Users/Administrator/Documents/GitHub/example/Demo/Assets
GfxDevice: creating device client; threaded=0
Direct3D:
    Version:  Direct3D 11.0 [level 11.1]
    Renderer: NVIDIA GeForce GTX 1660 Ti with Max-Q Design (ID=0x2191)
    Vendor:   
    VRAM:     5991 MB
    Driver:   27.21.14.6231
Initialize mono
Mono path[0] = 'E:/Unity/Editor/Data/Managed'
Mono path[1] = 'E:/Unity/Editor/Data/MonoBleedingEdge/lib/mono/unityjit'
Mono config path = 'E:/Unity/Editor/Data/MonoBleedingEdge/etc'
Using monoOptions --debugger-agent=transport=dt_socket,embedding=1,server=y,suspend=n,address=127.0.0.1:56172
Begin MonoManager ReloadAssembly
Registering precompiled unity dll's ...
Register platform support module: E:/Unity/Editor/Data/PlaybackEngines/WindowsStandaloneSupport/UnityEditor.WindowsStandalone.Extensions.dll
Registered in 0.000836 seconds.
Native extension for WindowsStandalone target not found
Refreshing native plugins compatible for Editor in 34.38 ms, found 0 plugins.
Preloading 0 native plugins for Editor in 0.00 ms.
Invoked RoslynAnalysisRunner static constructor.
RoslynAnalysisRunner will not be running.
RoslynAnalysisRunner has terminated.
Mono: successfully reloaded assembly
- Completed reload, in  4.021 seconds
Platform modules already initialized, skipping
Registering precompiled user dll's ...
Registered in 0.001126 seconds.
Begin MonoManager ReloadAssembly
Native extension for WindowsStandalone target not found
Refreshing native plugins compatible for Editor in 0.42 ms, found 0 plugins.
Preloading 0 native plugins for Editor in 0.00 ms.
Invoked RoslynAnalysisRunner static constructor.
RoslynAnalysisRunner will not be running.
RoslynAnalysisRunner has terminated.
Mono: successfully reloaded assembly
- Completed reload, in  0.754 seconds
Platform modules already initialized, skipping
========================================================================
Worker process is ready to serve import requests
Launched and connected shader compiler UnityShaderCompiler.exe after 0.07 seconds
Refreshing native plugins compatible for Editor in 0.66 ms, found 0 plugins.
Preloading 0 native plugins for Editor in 0.00 ms.
Unloading 1160 Unused Serialized files (Serialized files now loaded: 0)
System memory in use before: 60.4 MB.
System memory in use after: 60.5 MB.

Unloading 9 unused Assets to reduce memory usage. Loaded Objects now: 1600.
Total: 2.171900 ms (FindLiveObjects: 0.259400 ms CreateObjectMapping: 0.065100 ms MarkObjects: 1.796200 ms  DeleteObjects: 0.050000 ms)

========================================================================
Received Import Request.
  path: Assets/TetrisDBG-main/Packages
  artifactKey: Guid(9b5eb7e472e93be46bf0d8ecc8beacb1) Importer(815301076,1909f56bfc062723c751e8b465ee728b)
Start importing Assets/TetrisDBG-main/Packages using Guid(9b5eb7e472e93be46bf0d8ecc8beacb1) Importer(815301076,1909f56bfc062723c751e8b465ee728b)  -> (artifact id: '506236096c60e37935e88652ad625572') in 0.007331 seconds
  Import took 0.009405 seconds .

========================================================================
Received Import Request.
  Time since last request: 0.000266 seconds.
  path: Assets/TetrisDBG-main/Assets
  artifactKey: Guid(13f90e4201fe0bd4f841ade2a5eda2ec) Importer(815301076,1909f56bfc062723c751e8b465ee728b)
Start importing Assets/TetrisDBG-main/Assets using Guid(13f90e4201fe0bd4f841ade2a5eda2ec) Importer(815301076,1909f56bfc062723c751e8b465ee728b)  -> (artifact id: 'd24ff227b8371160ce530448f299f117') in 0.005173 seconds
  Import took 0.007045 seconds .

========================================================================
Received Import Request.
  Time since last request: 0.000197 seconds.
  path: Assets/TetrisDBG-main/Logs
  artifactKey: Guid(7c479171e5dfb9747ae585637ef6604d) Importer(815301076,1909f56bfc062723c751e8b465ee728b)
Start importing Assets/TetrisDBG-main/Logs using Guid(7c479171e5dfb9747ae585637ef6604d) Importer(815301076,1909f56bfc062723c751e8b465ee728b)  -> (artifact id: '680597c950b294cfaf365711dd296c31') in 0.005620 seconds
  Import took 0.007733 seconds .

========================================================================
Received Import Request.
  Time since last request: 16.835950 seconds.
  path: Assets/TetrisDBG-main/Assets/Prefabs/Buff
  artifactKey: Guid(3d30ca939b07cd74881f4d9017b16530) Importer(815301076,1909f56bfc062723c751e8b465ee728b)
Start importing Assets/TetrisDBG-main/Assets/Prefabs/Buff using Guid(3d30ca939b07cd74881f4d9017b16530) Importer(815301076,1909f56bfc062723c751e8b465ee728b)  -> (artifact id: 'ab78109d56ae157cb4d49f8309e1a1c1') in 0.005123 seconds
  Import took 0.007154 seconds .

========================================================================
Received Import Request.
  Time since last request: 2.489325 seconds.
  path: Assets/TetrisDBG-main/Assets/Prefabs/Cube
  artifactKey: Guid(b3b67f10299c2174ca79d88363176ecd) Importer(815301076,1909f56bfc062723c751e8b465ee728b)
Start importing Assets/TetrisDBG-main/Assets/Prefabs/Cube using Guid(b3b67f10299c2174ca79d88363176ecd) Importer(815301076,1909f56bfc062723c751e8b465ee728b)  -> (artifact id: '163b5a23c319663c1cef4e2d4f4d4229') in 0.005319 seconds
  Import took 0.007948 seconds .

========================================================================
Received Import Request.
  Time since last request: 1.082916 seconds.
  path: Assets/TetrisDBG-main/Assets/Prefabs/Cube/Cube_Attack.prefab
  artifactKey: Guid(66948b6e721e1b540bf77b3c978cedb7) Importer(815301076,1909f56bfc062723c751e8b465ee728b)
Start importing Assets/TetrisDBG-main/Assets/Prefabs/Cube/Cube_Attack.prefab using Guid(66948b6e721e1b540bf77b3c978cedb7) Importer(815301076,1909f56bfc062723c751e8b465ee728b)  -> (artifact id: '32dd9fe27b28746593f326cb08dc657c') in 0.126332 seconds
  Import took 0.128500 seconds .

========================================================================
Received Import Request.
  Time since last request: 0.619857 seconds.
  path: Assets/TetrisDBG-main/Assets/Prefabs/Cube/Cube_Shield.prefab
  artifactKey: Guid(d820fc108cf4d1d4dbf98b74660b66f7) Importer(815301076,1909f56bfc062723c751e8b465ee728b)
Start importing Assets/TetrisDBG-main/Assets/Prefabs/Cube/Cube_Shield.prefab using Guid(d820fc108cf4d1d4dbf98b74660b66f7) Importer(815301076,1909f56bfc062723c751e8b465ee728b)  -> (artifact id: '9a5496b8138c0a6242a78858ec7793ac') in 0.015552 seconds
  Import took 0.018345 seconds .

========================================================================
Received Import Request.
  Time since last request: 0.001295 seconds.
  path: Assets/TetrisDBG-main/Assets/Prefabs/Cube/Cube_Shield.prefab
  artifactKey: Guid(d820fc108cf4d1d4dbf98b74660b66f7) Importer(815301076,1909f56bfc062723c751e8b465ee728b)
Start importing Assets/TetrisDBG-main/Assets/Prefabs/Cube/Cube_Shield.prefab using Guid(d820fc108cf4d1d4dbf98b74660b66f7) Importer(815301076,1909f56bfc062723c751e8b465ee728b)  -> (artifact id: '9a5496b8138c0a6242a78858ec7793ac') in 0.012249 seconds
  Import took 0.014335 seconds .

========================================================================
Received Import Request.
  Time since last request: 2.040551 seconds.
  path: Assets/TetrisDBG-main/Assets/Prefabs/Enemy/Enemy_Basic.prefab
  artifactKey: Guid(e066845a9525d2348982b9b807d11555) Importer(815301076,1909f56bfc062723c751e8b465ee728b)
Start importing Assets/TetrisDBG-main/Assets/Prefabs/Enemy/Enemy_Basic.prefab using Guid(e066845a9525d2348982b9b807d11555) Importer(815301076,1909f56bfc062723c751e8b465ee728b)  -> (artifact id: 'b0668aee5e6813a78bdb3b3d098fe767') in 0.006166 seconds
  Import took 0.008318 seconds .

========================================================================
Received Import Request.
  Time since last request: 3.032771 seconds.
  path: Assets/TetrisDBG-main/Assets/Prefabs/Tetromino/I Tetromino.prefab
  artifactKey: Guid(a05a3204d3894cb409f6623afc456186) Importer(815301076,1909f56bfc062723c751e8b465ee728b)
Start importing Assets/TetrisDBG-main/Assets/Prefabs/Tetromino/I Tetromino.prefab using Guid(a05a3204d3894cb409f6623afc456186) Importer(815301076,1909f56bfc062723c751e8b465ee728b)  -> (artifact id: '5765b4c8ab8cba0a03c978c68ae9d8d9') in 0.015716 seconds
  Import took 0.017927 seconds .

========================================================================
Received Import Request.
  Time since last request: 0.002089 seconds.
  path: Assets/TetrisDBG-main/Assets/Prefabs/Tetromino/I Tetromino.prefab
  artifactKey: Guid(a05a3204d3894cb409f6623afc456186) Importer(815301076,1909f56bfc062723c751e8b465ee728b)
Start importing Assets/TetrisDBG-main/Assets/Prefabs/Tetromino/I Tetromino.prefab using Guid(a05a3204d3894cb409f6623afc456186) Importer(815301076,1909f56bfc062723c751e8b465ee728b)  -> (artifact id: '5765b4c8ab8cba0a03c978c68ae9d8d9') in 0.012534 seconds
  Import took 0.014981 seconds .

========================================================================
Received Import Request.
  Time since last request: 0.837838 seconds.
  path: Assets/TetrisDBG-main/Assets/Prefabs/Tetromino/J Tetromino.prefab
  artifactKey: Guid(f5a854203d7fef649bff03b3ec031226) Importer(815301076,1909f56bfc062723c751e8b465ee728b)
Start importing Assets/TetrisDBG-main/Assets/Prefabs/Tetromino/J Tetromino.prefab using Guid(f5a854203d7fef649bff03b3ec031226) Importer(815301076,1909f56bfc062723c751e8b465ee728b)  -> (artifact id: 'd7c3eeddf01887dee78479d1c7d4e2ad') in 0.012051 seconds
  Import took 0.014804 seconds .

========================================================================
Received Import Request.
  Time since last request: 0.000707 seconds.
  path: Assets/TetrisDBG-main/Assets/Prefabs/Tetromino/J Tetromino.prefab
  artifactKey: Guid(f5a854203d7fef649bff03b3ec031226) Importer(815301076,1909f56bfc062723c751e8b465ee728b)
Start importing Assets/TetrisDBG-main/Assets/Prefabs/Tetromino/J Tetromino.prefab using Guid(f5a854203d7fef649bff03b3ec031226) Importer(815301076,1909f56bfc062723c751e8b465ee728b)  -> (artifact id: 'd7c3eeddf01887dee78479d1c7d4e2ad') in 0.014599 seconds
  Import took 0.017844 seconds .

========================================================================
Received Import Request.
  Time since last request: 0.251543 seconds.
  path: Assets/TetrisDBG-main/Assets/Prefabs/Tetromino/L Tetromino.prefab
  artifactKey: Guid(cb4b145ceac6fa74a8ee592806ced260) Importer(815301076,1909f56bfc062723c751e8b465ee728b)
Start importing Assets/TetrisDBG-main/Assets/Prefabs/Tetromino/L Tetromino.prefab using Guid(cb4b145ceac6fa74a8ee592806ced260) Importer(815301076,1909f56bfc062723c751e8b465ee728b)  -> (artifact id: '19cc0653517e54f1a64edbc2de209617') in 0.012873 seconds
  Import took 0.015126 seconds .

========================================================================
Received Import Request.
  Time since last request: 0.323252 seconds.
  path: Assets/TetrisDBG-main/Assets/Prefabs/Tetromino/S Tetromino.prefab
  artifactKey: Guid(f5e5a7d583ac1f0428490dcf840f6f66) Importer(815301076,1909f56bfc062723c751e8b465ee728b)
Start importing Assets/TetrisDBG-main/Assets/Prefabs/Tetromino/S Tetromino.prefab using Guid(f5e5a7d583ac1f0428490dcf840f6f66) Importer(815301076,1909f56bfc062723c751e8b465ee728b)  -> (artifact id: '1795c80af36d6d1d4253c7633cf75184') in 0.013419 seconds
  Import took 0.015539 seconds .

========================================================================
Received Import Request.
  Time since last request: 0.001159 seconds.
  path: Assets/TetrisDBG-main/Assets/Prefabs/Tetromino/S Tetromino.prefab
  artifactKey: Guid(f5e5a7d583ac1f0428490dcf840f6f66) Importer(815301076,1909f56bfc062723c751e8b465ee728b)
Start importing Assets/TetrisDBG-main/Assets/Prefabs/Tetromino/S Tetromino.prefab using Guid(f5e5a7d583ac1f0428490dcf840f6f66) Importer(815301076,1909f56bfc062723c751e8b465ee728b)  -> (artifact id: '1795c80af36d6d1d4253c7633cf75184') in 0.013311 seconds
  Import took 0.015290 seconds .

========================================================================
Received Import Request.
  Time since last request: 0.248072 seconds.
  path: Assets/TetrisDBG-main/Assets/Prefabs/Tetromino/Z Tetromino.prefab
  artifactKey: Guid(3b4186b69727ce24689eb7904aa229cc) Importer(815301076,1909f56bfc062723c751e8b465ee728b)
Start importing Assets/TetrisDBG-main/Assets/Prefabs/Tetromino/Z Tetromino.prefab using Guid(3b4186b69727ce24689eb7904aa229cc) Importer(815301076,1909f56bfc062723c751e8b465ee728b)  -> (artifact id: '605a092a8889d8b32c334387f09ec396') in 0.013531 seconds
  Import took 0.015706 seconds .

========================================================================
Received Import Request.
  Time since last request: 0.001711 seconds.
  path: Assets/TetrisDBG-main/Assets/Prefabs/Tetromino/Z Tetromino.prefab
  artifactKey: Guid(3b4186b69727ce24689eb7904aa229cc) Importer(815301076,1909f56bfc062723c751e8b465ee728b)
Start importing Assets/TetrisDBG-main/Assets/Prefabs/Tetromino/Z Tetromino.prefab using Guid(3b4186b69727ce24689eb7904aa229cc) Importer(815301076,1909f56bfc062723c751e8b465ee728b)  -> (artifact id: '605a092a8889d8b32c334387f09ec396') in 0.013686 seconds
  Import took 0.015724 seconds .

========================================================================
Received Import Request.
  Time since last request: 2.378659 seconds.
  path: Assets/TetrisDBG-main/Assets/Scenes/SampleScene.unity
  artifactKey: Guid(2cda990e2423bbf4892e6590ba056729) Importer(815301076,1909f56bfc062723c751e8b465ee728b)
Start importing Assets/TetrisDBG-main/Assets/Scenes/SampleScene.unity using Guid(2cda990e2423bbf4892e6590ba056729) Importer(815301076,1909f56bfc062723c751e8b465ee728b)  -> (artifact id: '4ddf62c753cc0851a919723fe5ccd494') in 0.005076 seconds
  Import took 0.007660 seconds .

========================================================================
Received Prepare
Registering precompiled user dll's ...
Registered in 0.001604 seconds.
Begin MonoManager ReloadAssembly
Native extension for WindowsStandalone target not found
Refreshing native plugins compatible for Editor in 0.33 ms, found 0 plugins.
Preloading 0 native plugins for Editor in 0.00 ms.
Invoked RoslynAnalysisRunner static constructor.
RoslynAnalysisRunner will not be running.
RoslynAnalysisRunner has terminated.
Mono: successfully reloaded assembly
- Completed reload, in  0.699 seconds
Platform modules already initialized, skipping
Refreshing native plugins compatible for Editor in 0.35 ms, found 0 plugins.
Preloading 0 native plugins for Editor in 0.00 ms.
Unloading 1141 Unused Serialized files (Serialized files now loaded: 0)
System memory in use before: 62.6 MB.
System memory in use after: 62.7 MB.

Unloading 4 unused Assets to reduce memory usage. Loaded Objects now: 1609.
Total: 1.551100 ms (FindLiveObjects: 0.142800 ms CreateObjectMapping: 0.040200 ms MarkObjects: 1.349100 ms  DeleteObjects: 0.018000 ms)

AssetImportWorkerClient::OnTransportError - code=2 error=End of file
